{"level":"error","msg":"Unable to parse configuration file for management: open : no such file or directory","time":"2020-08-09T16:57:08Z"}
{"level":"info","msg":"Running employee-management in webserver mode","time":"2020-08-09T16:57:08Z"}
{"level":"info","msg":"employee-management is listening on port: ","time":"2020-08-09T16:57:08Z"}
{"level":"info","msg":"Endpoint is available now - http://0.0.0.0:","time":"2020-08-09T16:57:08Z"}
[GIN-debug] [WARNING] Creating an Engine instance with the Logger and Recovery middleware already attached.

[GIN-debug] [WARNING] Running in "debug" mode. Switch to "release" mode in production.
 - using env:	export GIN_MODE=release
 - using code:	gin.SetMode(gin.ReleaseMode)

[GIN-debug] POST   /employee/create          --> main.pushEmployeeData (4 handlers)
[GIN-debug] GET    /employee/search          --> main.fetchEmployeeData (4 handlers)
[GIN-debug] GET    /employee/search/all      --> main.fetchALLEmployeeData (4 handlers)
[GIN-debug] GET    /employee/search/roles    --> main.fetchEmployeeRoles (4 handlers)
[GIN-debug] GET    /employee/search/location --> main.fetchEmployeeLocation (4 handlers)
[GIN-debug] GET    /employee/search/status   --> main.fetchEmployeeStatus (4 handlers)
[GIN-debug] GET    /employee/healthz         --> main.healthCheck (4 handlers)
[GIN-debug] Listening and serving HTTP on :
{"level":"error","msg":"Unable to parse configuration file for management: open : no such file or directory","time":"2020-08-09T16:57:13Z"}
{"level":"info","msg":"Running employee-management in webserver mode","time":"2020-08-09T16:57:13Z"}
{"level":"info","msg":"employee-management is listening on port: ","time":"2020-08-09T16:57:13Z"}
{"level":"info","msg":"Endpoint is available now - http://0.0.0.0:","time":"2020-08-09T16:57:13Z"}
[GIN-debug] [WARNING] Creating an Engine instance with the Logger and Recovery middleware already attached.

[GIN-debug] [WARNING] Running in "debug" mode. Switch to "release" mode in production.
 - using env:	export GIN_MODE=release
 - using code:	gin.SetMode(gin.ReleaseMode)

[GIN-debug] POST   /employee/create          --> main.pushEmployeeData (4 handlers)
[GIN-debug] GET    /employee/search          --> main.fetchEmployeeData (4 handlers)
[GIN-debug] GET    /employee/search/all      --> main.fetchALLEmployeeData (4 handlers)
[GIN-debug] GET    /employee/search/roles    --> main.fetchEmployeeRoles (4 handlers)
[GIN-debug] GET    /employee/search/location --> main.fetchEmployeeLocation (4 handlers)
[GIN-debug] GET    /employee/search/status   --> main.fetchEmployeeStatus (4 handlers)
[GIN-debug] GET    /employee/healthz         --> main.healthCheck (4 handlers)
[GIN-debug] Listening and serving HTTP on :
{"level":"error","msg":"Unable to parse configuration file for management: open : no such file or directory","time":"2020-08-09T16:58:46Z"}
{"level":"info","msg":"Running employee-management in webserver mode","time":"2020-08-09T16:58:46Z"}
{"level":"info","msg":"employee-management is listening on port: ","time":"2020-08-09T16:58:46Z"}
{"level":"info","msg":"Endpoint is available now - http://0.0.0.0:","time":"2020-08-09T16:58:46Z"}
[GIN-debug] [WARNING] Creating an Engine instance with the Logger and Recovery middleware already attached.

[GIN-debug] [WARNING] Running in "debug" mode. Switch to "release" mode in production.
 - using env:	export GIN_MODE=release
 - using code:	gin.SetMode(gin.ReleaseMode)

[GIN-debug] POST   /employee/create          --> main.pushEmployeeData (4 handlers)
[GIN-debug] GET    /employee/search          --> main.fetchEmployeeData (4 handlers)
[GIN-debug] GET    /employee/search/all      --> main.fetchALLEmployeeData (4 handlers)
[GIN-debug] GET    /employee/search/roles    --> main.fetchEmployeeRoles (4 handlers)
[GIN-debug] GET    /employee/search/location --> main.fetchEmployeeLocation (4 handlers)
[GIN-debug] GET    /employee/search/status   --> main.fetchEmployeeStatus (4 handlers)
[GIN-debug] GET    /employee/healthz         --> main.healthCheck (4 handlers)
[GIN-debug] Listening and serving HTTP on :
{"level":"error","msg":"Unable to parse configuration file for management: open : no such file or directory","time":"2020-08-09T17:25:24Z"}
{"level":"info","msg":"Running employee-management in webserver mode","time":"2020-08-09T17:25:24Z"}
{"level":"info","msg":"employee-management is listening on port: ","time":"2020-08-09T17:25:24Z"}
{"level":"info","msg":"Endpoint is available now - http://0.0.0.0:","time":"2020-08-09T17:25:24Z"}
[GIN-debug] [WARNING] Creating an Engine instance with the Logger and Recovery middleware already attached.

[GIN-debug] [WARNING] Running in "debug" mode. Switch to "release" mode in production.
 - using env:	export GIN_MODE=release
 - using code:	gin.SetMode(gin.ReleaseMode)

[GIN-debug] POST   /employee/create          --> main.pushEmployeeData (4 handlers)
[GIN-debug] GET    /employee/search          --> main.fetchEmployeeData (4 handlers)
[GIN-debug] GET    /employee/search/all      --> main.fetchALLEmployeeData (4 handlers)
[GIN-debug] GET    /employee/search/roles    --> main.fetchEmployeeRoles (4 handlers)
[GIN-debug] GET    /employee/search/location --> main.fetchEmployeeLocation (4 handlers)
[GIN-debug] GET    /employee/search/status   --> main.fetchEmployeeStatus (4 handlers)
[GIN-debug] GET    /employee/healthz         --> main.healthCheck (4 handlers)
[GIN-debug] Listening and serving HTTP on :
[GIN] 2020/08/09 - 17:29:31 | 404 |         1.3µs |    47.31.26.186 | GET      "/"
[GIN] 2020/08/09 - 17:29:32 | 404 |         1.3µs |    47.31.26.186 | GET      "/favicon.ico"
[GIN] 2020/08/09 - 17:29:37 | 404 |         1.4µs |    47.31.26.186 | GET      "/create"
[GIN] 2020/08/09 - 17:29:43 | 404 |         1.5µs |    47.31.26.186 | GET      "/healthz"
[GIN] 2020/08/09 - 17:29:47 | 404 |         2.5µs |    47.31.26.186 | GET      "/health"
{"level":"info","msg":"Running employee-management in webserver mode","time":"2020-08-09T17:32:23Z"}
{"level":"info","msg":"employee-management is listening on port: 8083","time":"2020-08-09T17:32:23Z"}
{"level":"info","msg":"Endpoint is available now - http://0.0.0.0:8083","time":"2020-08-09T17:32:23Z"}
[GIN-debug] [WARNING] Creating an Engine instance with the Logger and Recovery middleware already attached.

[GIN-debug] [WARNING] Running in "debug" mode. Switch to "release" mode in production.
 - using env:	export GIN_MODE=release
 - using code:	gin.SetMode(gin.ReleaseMode)

[GIN-debug] POST   /employee/create          --> main.pushEmployeeData (4 handlers)
[GIN-debug] GET    /employee/search          --> main.fetchEmployeeData (4 handlers)
[GIN-debug] GET    /employee/search/all      --> main.fetchALLEmployeeData (4 handlers)
[GIN-debug] GET    /employee/search/roles    --> main.fetchEmployeeRoles (4 handlers)
[GIN-debug] GET    /employee/search/location --> main.fetchEmployeeLocation (4 handlers)
[GIN-debug] GET    /employee/search/status   --> main.fetchEmployeeStatus (4 handlers)
[GIN-debug] GET    /employee/healthz         --> main.healthCheck (4 handlers)
[GIN-debug] Listening and serving HTTP on :8083
[GIN] 2020/08/09 - 17:34:24 | 404 |         1.9µs |    47.31.26.186 | GET      "/health"
[GIN] 2020/08/09 - 17:34:25 | 404 |         1.4µs |    47.31.26.186 | GET      "/favicon.ico"
[GIN] 2020/08/09 - 17:34:27 | 404 |         2.8µs |    47.31.26.186 | GET      "/healthz"
[GIN] 2020/08/09 - 17:59:35 | 404 |         1.4µs |    47.31.26.186 | GET      "/salary/healthz"
{"level":"error","msg":"[404 Not Found] index_not_found_exception: no such index [employee-management]","time":"2020-08-09T18:25:08Z"}
{"level":"error","msg":"Error parsing the response body: EOF","time":"2020-08-09T18:25:08Z"}


[31m2020/08/09 18:25:08 [Recovery] 2020/08/09 - 18:25:08 panic recovered:
GET /employee/search/status HTTP/1.1
Host: localhost:8083
Accept: */*
Accept-Encoding: gzip
Accept-Language: en-US,en;q=0.9
Connection: Keep-Alive
Referer: http://52.255.141.118/
User-Agent: Mozilla/5.0 (Windows NT 10.0; Win64; x64) AppleWebKit/537.36 (KHTML, like Gecko) Chrome/84.0.4147.105 Safari/537.36
X-Forwarded-For: 127.0.0.1
X-Forwarded-Host: localhost:8080
X-Forwarded-Port: 8080
X-Forwarded-Prefix: /employee
X-Forwarded-Proto: http


interface conversion: interface {} is nil, not map[string]interface {}
/usr/local/go/src/runtime/iface.go:255 (0x40b1c5)
	panicdottypeE: panic(&TypeAssertionError{iface, have, want, ""})
/root/OT-Microservices/employee/employee_api.go:202 (0xc6a52a)
	fetchEmployeeStatus: for _, parsedData := range data["hits"].(map[string]interface{})["hits"].([]interface{}) {
/root/go/pkg/mod/github.com/gin-gonic/gin@v1.6.3/context.go:161 (0xc4e60a)
	(*Context).Next: c.handlers[c.index](c)
/root/go/pkg/mod/github.com/gin-gonic/gin@v1.6.3/recovery.go:83 (0xc62433)
	RecoveryWithWriter.func1: c.Next()
/root/go/pkg/mod/github.com/gin-gonic/gin@v1.6.3/context.go:161 (0xc4e60a)
	(*Context).Next: c.handlers[c.index](c)
/root/go/pkg/mod/github.com/gin-gonic/gin@v1.6.3/logger.go:241 (0xc61560)
	LoggerWithConfig.func1: c.Next()
/root/go/pkg/mod/github.com/gin-gonic/gin@v1.6.3/context.go:161 (0xc4e60a)
	(*Context).Next: c.handlers[c.index](c)
/root/go/pkg/mod/github.com/gin-gonic/gin@v1.6.3/gin.go:409 (0xc5887c)
	(*Engine).handleHTTPRequest: c.Next()
/root/go/pkg/mod/github.com/gin-gonic/gin@v1.6.3/gin.go:367 (0xc57f7d)
	(*Engine).ServeHTTP: engine.handleHTTPRequest(c)
/usr/local/go/src/net/http/server.go:2802 (0x720d43)
	serverHandler.ServeHTTP: handler.ServeHTTP(rw, req)
/usr/local/go/src/net/http/server.go:1890 (0x71c5e4)
	(*conn).serve: serverHandler{c.server}.ServeHTTP(w, w.req)
/usr/local/go/src/runtime/asm_amd64.s:1357 (0x45c070)
	goexit: BYTE	$0x90	// NOP
[0m
[GIN] 2020/08/09 - 18:25:08 | 500 |   94.321883ms |       127.0.0.1 | GET      "/employee/search/status"
{"level":"error","msg":"[404 Not Found] index_not_found_exception: no such index [employee-management]","time":"2020-08-09T18:25:08Z"}
{"level":"error","msg":"Error parsing the response body: EOF","time":"2020-08-09T18:25:08Z"}


[31m2020/08/09 18:25:08 [Recovery] 2020/08/09 - 18:25:08 panic recovered:
GET /employee/search/all HTTP/1.1
Host: localhost:8083
Accept: */*
Accept-Encoding: gzip
Accept-Language: en-US,en;q=0.9
Connection: Keep-Alive
Referer: http://52.255.141.118/
User-Agent: Mozilla/5.0 (Windows NT 10.0; Win64; x64) AppleWebKit/537.36 (KHTML, like Gecko) Chrome/84.0.4147.105 Safari/537.36
X-Forwarded-For: 127.0.0.1
X-Forwarded-Host: localhost:8080
X-Forwarded-Port: 8080
X-Forwarded-Prefix: /employee
X-Forwarded-Proto: http


interface conversion: interface {} is nil, not map[string]interface {}
/usr/local/go/src/runtime/iface.go:255 (0x40b1c5)
	panicdottypeE: panic(&TypeAssertionError{iface, have, want, ""})
/root/OT-Microservices/employee/employee_api.go:119 (0xc68d89)
	fetchALLEmployeeData: for _, parsedData := range data["hits"].(map[string]interface{})["hits"].([]interface{}) {
/root/go/pkg/mod/github.com/gin-gonic/gin@v1.6.3/context.go:161 (0xc4e60a)
	(*Context).Next: c.handlers[c.index](c)
/root/go/pkg/mod/github.com/gin-gonic/gin@v1.6.3/recovery.go:83 (0xc62433)
	RecoveryWithWriter.func1: c.Next()
/root/go/pkg/mod/github.com/gin-gonic/gin@v1.6.3/context.go:161 (0xc4e60a)
	(*Context).Next: c.handlers[c.index](c)
/root/go/pkg/mod/github.com/gin-gonic/gin@v1.6.3/logger.go:241 (0xc61560)
	LoggerWithConfig.func1: c.Next()
/root/go/pkg/mod/github.com/gin-gonic/gin@v1.6.3/context.go:161 (0xc4e60a)
	(*Context).Next: c.handlers[c.index](c)
/root/go/pkg/mod/github.com/gin-gonic/gin@v1.6.3/gin.go:409 (0xc5887c)
	(*Engine).handleHTTPRequest: c.Next()
/root/go/pkg/mod/github.com/gin-gonic/gin@v1.6.3/gin.go:367 (0xc57f7d)
	(*Engine).ServeHTTP: engine.handleHTTPRequest(c)
/usr/local/go/src/net/http/server.go:2802 (0x720d43)
	serverHandler.ServeHTTP: handler.ServeHTTP(rw, req)
/usr/local/go/src/net/http/server.go:1890 (0x71c5e4)
	(*conn).serve: serverHandler{c.server}.ServeHTTP(w, w.req)
/usr/local/go/src/runtime/asm_amd64.s:1357 (0x45c070)
	goexit: BYTE	$0x90	// NOP
[0m
[GIN] 2020/08/09 - 18:25:08 | 500 |  107.491878ms |       127.0.0.1 | GET      "/employee/search/all"
{"level":"error","msg":"[404 Not Found] index_not_found_exception: no such index [employee-management]","time":"2020-08-09T18:25:08Z"}
{"level":"error","msg":"Error parsing the response body: EOF","time":"2020-08-09T18:25:08Z"}
{"level":"error","msg":"[404 Not Found] index_not_found_exception: no such index [employee-management]","time":"2020-08-09T18:25:08Z"}
{"level":"error","msg":"Error parsing the response body: EOF","time":"2020-08-09T18:25:08Z"}


[31m2020/08/09 18:25:08 [Recovery] 2020/08/09 - 18:25:08 panic recovered:
GET /employee/search/location HTTP/1.1
Host: localhost:8083
Accept: */*
Accept-Encoding: gzip
Accept-Language: en-US,en;q=0.9
Connection: Keep-Alive
Referer: http://52.255.141.118/
User-Agent: Mozilla/5.0 (Windows NT 10.0; Win64; x64) AppleWebKit/537.36 (KHTML, like Gecko) Chrome/84.0.4147.105 Safari/537.36
X-Forwarded-For: 127.0.0.1
X-Forwarded-Host: localhost:8080
X-Forwarded-Port: 8080
X-Forwarded-Prefix: /employee
X-Forwarded-Proto: http


interface conversion: interface {} is nil, not map[string]interface {}
/usr/local/go/src/runtime/iface.go:255 (0x40b1c5)
	panicdottypeE: panic(&TypeAssertionError{iface, have, want, ""})
/root/OT-Microservices/employee/employee_api.go:171 (0xc69d4a)
	fetchEmployeeLocation: for _, parsedData := range data["hits"].(map[string]interface{})["hits"].([]interface{}) {
/root/go/pkg/mod/github.com/gin-gonic/gin@v1.6.3/context.go:161 (0xc4e60a)
	(*Context).Next: c.handlers[c.index](c)
/root/go/pkg/mod/github.com/gin-gonic/gin@v1.6.3/recovery.go:83 (0xc62433)
	RecoveryWithWriter.func1: c.Next()
/root/go/pkg/mod/github.com/gin-gonic/gin@v1.6.3/context.go:161 (0xc4e60a)
	(*Context).Next: c.handlers[c.index](c)
/root/go/pkg/mod/github.com/gin-gonic/gin@v1.6.3/logger.go:241 (0xc61560)
	LoggerWithConfig.func1: c.Next()
/root/go/pkg/mod/github.com/gin-gonic/gin@v1.6.3/context.go:161 (0xc4e60a)
	(*Context).Next: c.handlers[c.index](c)
/root/go/pkg/mod/github.com/gin-gonic/gin@v1.6.3/gin.go:409 (0xc5887c)
	(*Engine).handleHTTPRequest: c.Next()
/root/go/pkg/mod/github.com/gin-gonic/gin@v1.6.3/gin.go:367 (0xc57f7d)
	(*Engine).ServeHTTP: engine.handleHTTPRequest(c)
/usr/local/go/src/net/http/server.go:2802 (0x720d43)
	serverHandler.ServeHTTP: handler.ServeHTTP(rw, req)
/usr/local/go/src/net/http/server.go:1890 (0x71c5e4)
	(*conn).serve: serverHandler{c.server}.ServeHTTP(w, w.req)
/usr/local/go/src/runtime/asm_amd64.s:1357 (0x45c070)
	goexit: BYTE	$0x90	// NOP
[0m
[GIN] 2020/08/09 - 18:25:08 | 500 |   118.84446ms |       127.0.0.1 | GET      "/employee/search/location"


[31m2020/08/09 18:25:08 [Recovery] 2020/08/09 - 18:25:08 panic recovered:
GET /employee/search/roles HTTP/1.1
Host: localhost:8083
Accept: */*
Accept-Encoding: gzip
Accept-Language: en-US,en;q=0.9
Connection: Keep-Alive
Referer: http://52.255.141.118/
User-Agent: Mozilla/5.0 (Windows NT 10.0; Win64; x64) AppleWebKit/537.36 (KHTML, like Gecko) Chrome/84.0.4147.105 Safari/537.36
X-Forwarded-For: 127.0.0.1
X-Forwarded-Host: localhost:8080
X-Forwarded-Port: 8080
X-Forwarded-Prefix: /employee
X-Forwarded-Proto: http


interface conversion: interface {} is nil, not map[string]interface {}
/usr/local/go/src/runtime/iface.go:255 (0x40b1c5)
	panicdottypeE: panic(&TypeAssertionError{iface, have, want, ""})
/root/OT-Microservices/employee/employee_api.go:140 (0xc6956a)
	fetchEmployeeRoles: for _, parsedData := range data["hits"].(map[string]interface{})["hits"].([]interface{}) {
/root/go/pkg/mod/github.com/gin-gonic/gin@v1.6.3/context.go:161 (0xc4e60a)
	(*Context).Next: c.handlers[c.index](c)
/root/go/pkg/mod/github.com/gin-gonic/gin@v1.6.3/recovery.go:83 (0xc62433)
	RecoveryWithWriter.func1: c.Next()
/root/go/pkg/mod/github.com/gin-gonic/gin@v1.6.3/context.go:161 (0xc4e60a)
	(*Context).Next: c.handlers[c.index](c)
/root/go/pkg/mod/github.com/gin-gonic/gin@v1.6.3/logger.go:241 (0xc61560)
	LoggerWithConfig.func1: c.Next()
/root/go/pkg/mod/github.com/gin-gonic/gin@v1.6.3/context.go:161 (0xc4e60a)
	(*Context).Next: c.handlers[c.index](c)
/root/go/pkg/mod/github.com/gin-gonic/gin@v1.6.3/gin.go:409 (0xc5887c)
	(*Engine).handleHTTPRequest: c.Next()
/root/go/pkg/mod/github.com/gin-gonic/gin@v1.6.3/gin.go:367 (0xc57f7d)
	(*Engine).ServeHTTP: engine.handleHTTPRequest(c)
/usr/local/go/src/net/http/server.go:2802 (0x720d43)
	serverHandler.ServeHTTP: handler.ServeHTTP(rw, req)
/usr/local/go/src/net/http/server.go:1890 (0x71c5e4)
	(*conn).serve: serverHandler{c.server}.ServeHTTP(w, w.req)
/usr/local/go/src/runtime/asm_amd64.s:1357 (0x45c070)
	goexit: BYTE	$0x90	// NOP
[0m
[GIN] 2020/08/09 - 18:25:08 | 500 |  128.956033ms |       127.0.0.1 | GET      "/employee/search/roles"
{"level":"error","msg":"[404 Not Found] index_not_found_exception: no such index [employee-management]","time":"2020-08-09T18:25:09Z"}
{"level":"error","msg":"Error parsing the response body: EOF","time":"2020-08-09T18:25:09Z"}


[31m2020/08/09 18:25:09 [Recovery] 2020/08/09 - 18:25:09 panic recovered:
GET /employee/search/status HTTP/1.1
Host: localhost:8083
Accept: */*
Accept-Encoding: gzip
Accept-Language: en-US,en;q=0.9
Connection: Keep-Alive
Referer: http://52.255.141.118/
User-Agent: Mozilla/5.0 (Windows NT 10.0; Win64; x64) AppleWebKit/537.36 (KHTML, like Gecko) Chrome/84.0.4147.105 Safari/537.36
X-Forwarded-For: 127.0.0.1
X-Forwarded-Host: localhost:8080
X-Forwarded-Port: 8080
X-Forwarded-Prefix: /employee
X-Forwarded-Proto: http


interface conversion: interface {} is nil, not map[string]interface {}
/usr/local/go/src/runtime/iface.go:255 (0x40b1c5)
	panicdottypeE: panic(&TypeAssertionError{iface, have, want, ""})
/root/OT-Microservices/employee/employee_api.go:202 (0xc6a52a)
	fetchEmployeeStatus: for _, parsedData := range data["hits"].(map[string]interface{})["hits"].([]interface{}) {
/root/go/pkg/mod/github.com/gin-gonic/gin@v1.6.3/context.go:161 (0xc4e60a)
	(*Context).Next: c.handlers[c.index](c)
/root/go/pkg/mod/github.com/gin-gonic/gin@v1.6.3/recovery.go:83 (0xc62433)
	RecoveryWithWriter.func1: c.Next()
/root/go/pkg/mod/github.com/gin-gonic/gin@v1.6.3/context.go:161 (0xc4e60a)
	(*Context).Next: c.handlers[c.index](c)
/root/go/pkg/mod/github.com/gin-gonic/gin@v1.6.3/logger.go:241 (0xc61560)
	LoggerWithConfig.func1: c.Next()
/root/go/pkg/mod/github.com/gin-gonic/gin@v1.6.3/context.go:161 (0xc4e60a)
	(*Context).Next: c.handlers[c.index](c)
/root/go/pkg/mod/github.com/gin-gonic/gin@v1.6.3/gin.go:409 (0xc5887c)
	(*Engine).handleHTTPRequest: c.Next()
/root/go/pkg/mod/github.com/gin-gonic/gin@v1.6.3/gin.go:367 (0xc57f7d)
	(*Engine).ServeHTTP: engine.handleHTTPRequest(c)
/usr/local/go/src/net/http/server.go:2802 (0x720d43)
	serverHandler.ServeHTTP: handler.ServeHTTP(rw, req)
/usr/local/go/src/net/http/server.go:1890 (0x71c5e4)
	(*conn).serve: serverHandler{c.server}.ServeHTTP(w, w.req)
/usr/local/go/src/runtime/asm_amd64.s:1357 (0x45c070)
	goexit: BYTE	$0x90	// NOP
[0m
[GIN] 2020/08/09 - 18:25:09 | 500 |    3.439625ms |       127.0.0.1 | GET      "/employee/search/status"
{"level":"error","msg":"[404 Not Found] index_not_found_exception: no such index [employee-management]","time":"2020-08-09T18:25:09Z"}
{"level":"error","msg":"Error parsing the response body: EOF","time":"2020-08-09T18:25:09Z"}


[31m2020/08/09 18:25:09 [Recovery] 2020/08/09 - 18:25:09 panic recovered:
GET /employee/search/status HTTP/1.1
Host: localhost:8083
Accept: */*
Accept-Encoding: gzip
Accept-Language: en-US,en;q=0.9
Connection: Keep-Alive
Referer: http://52.255.141.118/
User-Agent: Mozilla/5.0 (Windows NT 10.0; Win64; x64) AppleWebKit/537.36 (KHTML, like Gecko) Chrome/84.0.4147.105 Safari/537.36
X-Forwarded-For: 127.0.0.1
X-Forwarded-Host: localhost:8080
X-Forwarded-Port: 8080
X-Forwarded-Prefix: /employee
X-Forwarded-Proto: http


interface conversion: interface {} is nil, not map[string]interface {}
/usr/local/go/src/runtime/iface.go:255 (0x40b1c5)
	panicdottypeE: panic(&TypeAssertionError{iface, have, want, ""})
/root/OT-Microservices/employee/employee_api.go:202 (0xc6a52a)
	fetchEmployeeStatus: for _, parsedData := range data["hits"].(map[string]interface{})["hits"].([]interface{}) {
/root/go/pkg/mod/github.com/gin-gonic/gin@v1.6.3/context.go:161 (0xc4e60a)
	(*Context).Next: c.handlers[c.index](c)
/root/go/pkg/mod/github.com/gin-gonic/gin@v1.6.3/recovery.go:83 (0xc62433)
	RecoveryWithWriter.func1: c.Next()
/root/go/pkg/mod/github.com/gin-gonic/gin@v1.6.3/context.go:161 (0xc4e60a)
	(*Context).Next: c.handlers[c.index](c)
/root/go/pkg/mod/github.com/gin-gonic/gin@v1.6.3/logger.go:241 (0xc61560)
	LoggerWithConfig.func1: c.Next()
/root/go/pkg/mod/github.com/gin-gonic/gin@v1.6.3/context.go:161 (0xc4e60a)
	(*Context).Next: c.handlers[c.index](c)
/root/go/pkg/mod/github.com/gin-gonic/gin@v1.6.3/gin.go:409 (0xc5887c)
	(*Engine).handleHTTPRequest: c.Next()
/root/go/pkg/mod/github.com/gin-gonic/gin@v1.6.3/gin.go:367 (0xc57f7d)
	(*Engine).ServeHTTP: engine.handleHTTPRequest(c)
/usr/local/go/src/net/http/server.go:2802 (0x720d43)
	serverHandler.ServeHTTP: handler.ServeHTTP(rw, req)
/usr/local/go/src/net/http/server.go:1890 (0x71c5e4)
	(*conn).serve: serverHandler{c.server}.ServeHTTP(w, w.req)
/usr/local/go/src/runtime/asm_amd64.s:1357 (0x45c070)
	goexit: BYTE	$0x90	// NOP
[0m
[GIN] 2020/08/09 - 18:25:09 | 500 |    4.343431ms |       127.0.0.1 | GET      "/employee/search/status"
{"level":"info","msg":"Successfully pushed employee's information in elasticsearch","time":"2020-08-09T18:25:50Z"}
{"level":"info","msg":"Successfully pushed employee's data to elasticsearch","time":"2020-08-09T18:25:50Z"}
[GIN] 2020/08/09 - 18:25:50 | 200 |  273.005971ms |       127.0.0.1 | POST     "/employee/create"
{"level":"info","msg":"Successfully fetched all employee's information","time":"2020-08-09T18:25:54Z"}
[GIN] 2020/08/09 - 18:25:54 | 200 |     8.29536ms |       127.0.0.1 | GET      "/employee/search/all"
{"level":"info","msg":"Successfully fetched all employee's information","time":"2020-08-09T18:26:29Z"}
[GIN] 2020/08/09 - 18:26:29 | 200 |    4.923635ms |       127.0.0.1 | GET      "/employee/search/all"
{"level":"info","msg":"Successfully fetched all employee's information","time":"2020-08-09T18:26:33Z"}
[GIN] 2020/08/09 - 18:26:33 | 200 |    4.440932ms |       127.0.0.1 | GET      "/employee/search/all"
{"level":"info","msg":"Successfully fetched all employee's status information","time":"2020-08-09T18:26:52Z"}
[GIN] 2020/08/09 - 18:26:52 | 200 |    4.589133ms |       127.0.0.1 | GET      "/employee/search/status"
{"level":"info","msg":"Successfully fetched all employee's information","time":"2020-08-09T18:26:52Z"}
[GIN] 2020/08/09 - 18:26:52 | 200 |    4.556433ms |       127.0.0.1 | GET      "/employee/search/all"
{"level":"info","msg":"Successfully fetched all employee's roles","time":"2020-08-09T18:26:52Z"}
[GIN] 2020/08/09 - 18:26:52 | 200 |    2.614319ms |       127.0.0.1 | GET      "/employee/search/roles"
{"level":"info","msg":"Successfully fetched all employee's Location information","time":"2020-08-09T18:26:52Z"}
[GIN] 2020/08/09 - 18:26:52 | 200 |    3.494525ms |       127.0.0.1 | GET      "/employee/search/location"
{"level":"info","msg":"Successfully fetched all employee's status information","time":"2020-08-09T18:26:52Z"}
[GIN] 2020/08/09 - 18:26:52 | 200 |    3.318324ms |       127.0.0.1 | GET      "/employee/search/status"
{"level":"info","msg":"Successfully fetched all employee's status information","time":"2020-08-09T18:26:53Z"}
[GIN] 2020/08/09 - 18:26:53 | 200 |    3.702527ms |       127.0.0.1 | GET      "/employee/search/status"
{"level":"info","msg":"Successfully pushed employee's information in elasticsearch","time":"2020-08-09T18:27:34Z"}
{"level":"info","msg":"Successfully pushed employee's data to elasticsearch","time":"2020-08-09T18:27:34Z"}
[GIN] 2020/08/09 - 18:27:34 | 200 |   20.025244ms |       127.0.0.1 | POST     "/employee/create"
{"level":"info","msg":"Successfully fetched all employee's information","time":"2020-08-09T18:27:38Z"}
[GIN] 2020/08/09 - 18:27:38 | 200 |  995.504458ms |       127.0.0.1 | GET      "/employee/search/all"
{"level":"info","msg":"Successfully fetched all employee's roles","time":"2020-08-09T18:27:42Z"}
[GIN] 2020/08/09 - 18:27:42 | 200 |    5.291138ms |       127.0.0.1 | GET      "/employee/search/roles"
{"level":"info","msg":"Successfully fetched all employee's Location information","time":"2020-08-09T18:27:42Z"}
[GIN] 2020/08/09 - 18:27:42 | 200 |    4.798835ms |       127.0.0.1 | GET      "/employee/search/location"
{"level":"info","msg":"Successfully fetched all employee's information","time":"2020-08-09T18:27:42Z"}
[GIN] 2020/08/09 - 18:27:42 | 200 |    2.986221ms |       127.0.0.1 | GET      "/employee/search/all"
{"level":"info","msg":"Successfully fetched all employee's status information","time":"2020-08-09T18:27:42Z"}
[GIN] 2020/08/09 - 18:27:42 | 200 |    2.272316ms |       127.0.0.1 | GET      "/employee/search/status"
{"level":"info","msg":"Successfully fetched all employee's status information","time":"2020-08-09T18:27:42Z"}
[GIN] 2020/08/09 - 18:27:42 | 200 |    3.591726ms |       127.0.0.1 | GET      "/employee/search/status"
{"level":"info","msg":"Successfully fetched all employee's status information","time":"2020-08-09T18:27:43Z"}
[GIN] 2020/08/09 - 18:27:43 | 200 |    3.298124ms |       127.0.0.1 | GET      "/employee/search/status"
{"level":"info","msg":"Successfully fetched all employee's status information","time":"2020-08-09T18:28:15Z"}
[GIN] 2020/08/09 - 18:28:15 | 200 |    3.258323ms |       127.0.0.1 | GET      "/employee/search/status"
{"level":"info","msg":"Successfully fetched all employee's roles","time":"2020-08-09T18:28:15Z"}
[GIN] 2020/08/09 - 18:28:15 | 200 |    3.025722ms |       127.0.0.1 | GET      "/employee/search/roles"
{"level":"info","msg":"Successfully fetched all employee's information","time":"2020-08-09T18:28:15Z"}
[GIN] 2020/08/09 - 18:28:15 | 200 |    6.675748ms |       127.0.0.1 | GET      "/employee/search/all"
{"level":"info","msg":"Successfully fetched all employee's Location information","time":"2020-08-09T18:28:15Z"}
[GIN] 2020/08/09 - 18:28:15 | 200 |    3.245723ms |       127.0.0.1 | GET      "/employee/search/location"
{"level":"info","msg":"Successfully fetched all employee's status information","time":"2020-08-09T18:28:15Z"}
[GIN] 2020/08/09 - 18:28:15 | 200 |    4.564833ms |       127.0.0.1 | GET      "/employee/search/status"
{"level":"info","msg":"Successfully fetched all employee's status information","time":"2020-08-09T18:28:16Z"}
[GIN] 2020/08/09 - 18:28:16 | 200 |    3.419524ms |       127.0.0.1 | GET      "/employee/search/status"
{"level":"info","msg":"Successfully fetched all employee's roles","time":"2020-08-09T18:28:24Z"}
[GIN] 2020/08/09 - 18:28:24 | 200 |    4.109829ms |       127.0.0.1 | GET      "/employee/search/roles"
{"level":"info","msg":"Successfully fetched all employee's status information","time":"2020-08-09T18:28:24Z"}
[GIN] 2020/08/09 - 18:28:24 | 200 |    5.877843ms |       127.0.0.1 | GET      "/employee/search/status"
{"level":"info","msg":"Successfully fetched all employee's information","time":"2020-08-09T18:28:24Z"}
[GIN] 2020/08/09 - 18:28:24 | 200 |    7.294853ms |       127.0.0.1 | GET      "/employee/search/all"
{"level":"info","msg":"Successfully fetched all employee's status information","time":"2020-08-09T18:28:25Z"}
[GIN] 2020/08/09 - 18:28:25 | 200 |   10.362874ms |       127.0.0.1 | GET      "/employee/search/status"
{"level":"info","msg":"Successfully fetched all employee's status information","time":"2020-08-09T18:28:25Z"}
[GIN] 2020/08/09 - 18:28:25 | 200 |    2.996522ms |       127.0.0.1 | GET      "/employee/search/status"
{"level":"info","msg":"Successfully fetched all employee's Location information","time":"2020-08-09T18:28:27Z"}
[GIN] 2020/08/09 - 18:28:27 | 200 |    2.719619ms |       127.0.0.1 | GET      "/employee/search/location"
{"level":"info","msg":"Successfully fetched all employee's information","time":"2020-08-09T18:30:52Z"}
[GIN] 2020/08/09 - 18:30:52 | 200 |    8.795662ms |       127.0.0.1 | GET      "/employee/search/all"
{"level":"info","msg":"Successfully fetched all employee's status information","time":"2020-08-09T18:30:52Z"}
[GIN] 2020/08/09 - 18:30:52 | 200 |   10.253173ms |       127.0.0.1 | GET      "/employee/search/status"
{"level":"info","msg":"Successfully fetched all employee's Location information","time":"2020-08-09T18:30:52Z"}
[GIN] 2020/08/09 - 18:30:52 | 200 |    9.215766ms |       127.0.0.1 | GET      "/employee/search/location"
{"level":"info","msg":"Successfully fetched all employee's roles","time":"2020-08-09T18:30:52Z"}
[GIN] 2020/08/09 - 18:30:52 | 200 |    8.275459ms |       127.0.0.1 | GET      "/employee/search/roles"
{"level":"info","msg":"Successfully fetched all employee's status information","time":"2020-08-09T18:30:52Z"}
[GIN] 2020/08/09 - 18:30:52 | 200 |     2.81612ms |       127.0.0.1 | GET      "/employee/search/status"
{"level":"info","msg":"Successfully fetched all employee's status information","time":"2020-08-09T18:30:52Z"}
[GIN] 2020/08/09 - 18:30:52 | 200 |    3.404525ms |       127.0.0.1 | GET      "/employee/search/status"
{"level":"info","msg":"Successfully fetched all employee's status information","time":"2020-08-09T18:30:54Z"}
[GIN] 2020/08/09 - 18:30:54 | 200 |    2.708019ms |       127.0.0.1 | GET      "/employee/search/status"
{"level":"info","msg":"Successfully fetched all employee's information","time":"2020-08-09T18:30:54Z"}
[GIN] 2020/08/09 - 18:30:54 | 200 |    8.502461ms |       127.0.0.1 | GET      "/employee/search/all"
{"level":"info","msg":"Successfully fetched all employee's roles","time":"2020-08-09T18:30:54Z"}
[GIN] 2020/08/09 - 18:30:54 | 200 |    3.170522ms |       127.0.0.1 | GET      "/employee/search/roles"
{"level":"info","msg":"Successfully fetched all employee's Location information","time":"2020-08-09T18:30:54Z"}
[GIN] 2020/08/09 - 18:30:54 | 200 |    2.092015ms |       127.0.0.1 | GET      "/employee/search/location"
{"level":"info","msg":"Successfully fetched all employee's status information","time":"2020-08-09T18:30:54Z"}
[GIN] 2020/08/09 - 18:30:54 | 200 |    3.111122ms |       127.0.0.1 | GET      "/employee/search/status"
{"level":"info","msg":"Successfully fetched all employee's status information","time":"2020-08-09T18:30:54Z"}
[GIN] 2020/08/09 - 18:30:54 | 200 |    3.123522ms |       127.0.0.1 | GET      "/employee/search/status"
{"level":"info","msg":"Successfully fetched all employee's information","time":"2020-08-09T18:43:38Z"}
[GIN] 2020/08/09 - 18:43:38 | 200 |    8.014864ms |       127.0.0.1 | GET      "/employee/search/all"
{"level":"info","msg":"Successfully fetched all employee's status information","time":"2020-08-09T18:43:38Z"}
[GIN] 2020/08/09 - 18:43:38 | 200 |    4.057832ms |       127.0.0.1 | GET      "/employee/search/status"
{"level":"info","msg":"Successfully fetched all employee's roles","time":"2020-08-09T18:43:38Z"}
[GIN] 2020/08/09 - 18:43:38 | 200 |    4.463035ms |       127.0.0.1 | GET      "/employee/search/roles"
{"level":"info","msg":"Successfully fetched all employee's Location information","time":"2020-08-09T18:43:38Z"}
[GIN] 2020/08/09 - 18:43:38 | 200 |    1.941816ms |       127.0.0.1 | GET      "/employee/search/location"
{"level":"info","msg":"Successfully fetched all employee's status information","time":"2020-08-09T18:43:38Z"}
[GIN] 2020/08/09 - 18:43:38 | 200 |    3.933931ms |       127.0.0.1 | GET      "/employee/search/status"
{"level":"info","msg":"Successfully fetched all employee's status information","time":"2020-08-09T18:43:38Z"}
[GIN] 2020/08/09 - 18:43:38 | 200 |    3.035024ms |       127.0.0.1 | GET      "/employee/search/status"
